{
  message: '\tceci est une info',
  level: 'info',
  service: 'user-service',
  timestamp: '2024-10-20 03:40:07'
}
{
  message: '\tceci est un warn',
  level: 'warn',
  service: 'user-service',
  timestamp: '2024-10-20 03:40:07'
}
{
  message: '\tceci est une erreur',
  level: 'error',
  service: 'user-service',
  timestamp: '2024-10-20 03:40:07'
}
{
  message: '\tceci est une info',
  level: 'info',
  service: 'user-service',
  timestamp: '2024-10-20 03:40:57'
}
{
  message: '\tceci est un warn',
  level: 'warn',
  service: 'user-service',
  timestamp: '2024-10-20 03:40:57'
}
{
  message: '\tceci est une erreur',
  level: 'error',
  service: 'user-service',
  timestamp: '2024-10-20 03:40:57'
}
{
  message: '\tceci est une info',
  level: 'info',
  service: 'user-service',
  timestamp: '2024-10-20 03:40:59'
}
{
  message: '\tceci est un warn',
  level: 'warn',
  service: 'user-service',
  timestamp: '2024-10-20 03:40:59'
}
{
  message: '\tceci est une erreur',
  level: 'error',
  service: 'user-service',
  timestamp: '2024-10-20 03:40:59'
}
{
  message: '\tceci est une info',
  level: 'info',
  service: 'user-service',
  timestamp: '2024-10-20 03:41:11'
}
{
  message: '\tceci est un warn',
  level: 'warn',
  service: 'user-service',
  timestamp: '2024-10-20 03:41:11'
}
{
  message: '\tceci est une erreur',
  level: 'error',
  service: 'user-service',
  timestamp: '2024-10-20 03:41:11'
}
