{
  error: ReferenceError: compression is not defined
      at Object.<anonymous> (/usr/src/app/src/server.ts:10:5)
      at Module._compile (node:internal/modules/cjs/loader:1469:14)
      at Module._compile (/usr/src/app/node_modules/source-map-support/source-map-support.js:568:25)
      at Module.m._compile (/tmp/ts-node-dev-hook-7554049188912995.js:69:33)
      at Module._extensions..js (node:internal/modules/cjs/loader:1548:10)
      at require.extensions..jsx.require.extensions..js (/tmp/ts-node-dev-hook-7554049188912995.js:114:20)
      at require.extensions.<computed> (/tmp/ts-node-dev-hook-7554049188912995.js:71:20)
      at Object.nodeDevHook [as .ts] (/usr/src/app/node_modules/ts-node-dev/lib/hook.js:63:13)
      at Module.load (node:internal/modules/cjs/loader:1288:32)
      at Function.Module._load (node:internal/modules/cjs/loader:1104:12),
  level: 'error',
  message: '\tuncaughtException: compression is not defined\n' +
    'ReferenceError: compression is not defined\n' +
    '    at Object.<anonymous> (/usr/src/app/src/server.ts:10:5)\n' +
    '    at Module._compile (node:internal/modules/cjs/loader:1469:14)\n' +
    '    at Module._compile (/usr/src/app/node_modules/source-map-support/source-map-support.js:568:25)\n' +
    '    at Module.m._compile (/tmp/ts-node-dev-hook-7554049188912995.js:69:33)\n' +
    '    at Module._extensions..js (node:internal/modules/cjs/loader:1548:10)\n' +
    '    at require.extensions..jsx.require.extensions..js (/tmp/ts-node-dev-hook-7554049188912995.js:114:20)\n' +
    '    at require.extensions.<computed> (/tmp/ts-node-dev-hook-7554049188912995.js:71:20)\n' +
    '    at Object.nodeDevHook [as .ts] (/usr/src/app/node_modules/ts-node-dev/lib/hook.js:63:13)\n' +
    '    at Module.load (node:internal/modules/cjs/loader:1288:32)\n' +
    '    at Function.Module._load (node:internal/modules/cjs/loader:1104:12)',
  stack: 'ReferenceError: compression is not defined\n' +
    '    at Object.<anonymous> (/usr/src/app/src/server.ts:10:5)\n' +
    '    at Module._compile (node:internal/modules/cjs/loader:1469:14)\n' +
    '    at Module._compile (/usr/src/app/node_modules/source-map-support/source-map-support.js:568:25)\n' +
    '    at Module.m._compile (/tmp/ts-node-dev-hook-7554049188912995.js:69:33)\n' +
    '    at Module._extensions..js (node:internal/modules/cjs/loader:1548:10)\n' +
    '    at require.extensions..jsx.require.extensions..js (/tmp/ts-node-dev-hook-7554049188912995.js:114:20)\n' +
    '    at require.extensions.<computed> (/tmp/ts-node-dev-hook-7554049188912995.js:71:20)\n' +
    '    at Object.nodeDevHook [as .ts] (/usr/src/app/node_modules/ts-node-dev/lib/hook.js:63:13)\n' +
    '    at Module.load (node:internal/modules/cjs/loader:1288:32)\n' +
    '    at Function.Module._load (node:internal/modules/cjs/loader:1104:12)',
  exception: true,
  date: 'Sun Oct 20 2024 03:40:10 GMT+0000 (Coordinated Universal Time)',
  process: {
    pid: 1302,
    uid: 0,
    gid: 0,
    cwd: '/usr/src/app',
    execPath: '/usr/local/bin/node',
    version: 'v20.18.0',
    argv: [ '/usr/local/bin/node', './src/app.ts' ],
    memoryUsage: {
      rss: 65605632,
      heapTotal: 19030016,
      heapUsed: 11496072,
      external: 2148015,
      arrayBuffers: 25031
    }
  },
  os: { loadavg: [ 1.91, 1.85, 2.09 ], uptime: 15270.85 },
  trace: [
    {
      column: 5,
      file: '/usr/src/app/src/server.ts',
      function: null,
      line: 10,
      method: null,
      native: false
    },
    {
      column: 14,
      file: 'node:internal/modules/cjs/loader',
      function: 'Module._compile',
      line: 1469,
      method: '_compile',
      native: false
    },
    {
      column: 25,
      file: '/usr/src/app/node_modules/source-map-support/source-map-support.js',
      function: 'Module._compile',
      line: 568,
      method: '_compile',
      native: false
    },
    {
      column: 33,
      file: '/tmp/ts-node-dev-hook-7554049188912995.js',
      function: 'Module.m._compile',
      line: 69,
      method: '_compile',
      native: false
    },
    {
      column: 10,
      file: 'node:internal/modules/cjs/loader',
      function: 'Module._extensions..js',
      line: 1548,
      method: '.js',
      native: false
    },
    {
      column: 20,
      file: '/tmp/ts-node-dev-hook-7554049188912995.js',
      function: 'require.extensions..jsx.require.extensions..js',
      line: 114,
      method: '.js',
      native: false
    },
    {
      column: 20,
      file: '/tmp/ts-node-dev-hook-7554049188912995.js',
      function: 'require.extensions.<computed>',
      line: 71,
      method: '<computed>',
      native: false
    },
    {
      column: 13,
      file: '/usr/src/app/node_modules/ts-node-dev/lib/hook.js',
      function: 'Object.nodeDevHook [as .ts]',
      line: 63,
      method: 'ts]',
      native: false
    },
    {
      column: 32,
      file: 'node:internal/modules/cjs/loader',
      function: 'Module.load',
      line: 1288,
      method: 'load',
      native: false
    },
    {
      column: 12,
      file: 'node:internal/modules/cjs/loader',
      function: 'Module._load',
      line: 1104,
      method: '_load',
      native: false
    }
  ],
  service: 'user-service',
  timestamp: '2024-10-20 03:40:10'
}
{
  error: ReferenceError: setupSwagger is not defined
      at Object.<anonymous> (/usr/src/app/src/server.ts:31:1)
      at Module._compile (node:internal/modules/cjs/loader:1469:14)
      at Module._compile (/usr/src/app/node_modules/source-map-support/source-map-support.js:568:25)
      at Module.m._compile (/tmp/ts-node-dev-hook-7554049188912995.js:69:33)
      at Module._extensions..js (node:internal/modules/cjs/loader:1548:10)
      at require.extensions..jsx.require.extensions..js (/tmp/ts-node-dev-hook-7554049188912995.js:114:20)
      at require.extensions.<computed> (/tmp/ts-node-dev-hook-7554049188912995.js:71:20)
      at Object.nodeDevHook [as .ts] (/usr/src/app/node_modules/ts-node-dev/lib/hook.js:63:13)
      at Module.load (node:internal/modules/cjs/loader:1288:32)
      at Function.Module._load (node:internal/modules/cjs/loader:1104:12),
  level: 'error',
  message: '\tuncaughtException: setupSwagger is not defined\n' +
    'ReferenceError: setupSwagger is not defined\n' +
    '    at Object.<anonymous> (/usr/src/app/src/server.ts:31:1)\n' +
    '    at Module._compile (node:internal/modules/cjs/loader:1469:14)\n' +
    '    at Module._compile (/usr/src/app/node_modules/source-map-support/source-map-support.js:568:25)\n' +
    '    at Module.m._compile (/tmp/ts-node-dev-hook-7554049188912995.js:69:33)\n' +
    '    at Module._extensions..js (node:internal/modules/cjs/loader:1548:10)\n' +
    '    at require.extensions..jsx.require.extensions..js (/tmp/ts-node-dev-hook-7554049188912995.js:114:20)\n' +
    '    at require.extensions.<computed> (/tmp/ts-node-dev-hook-7554049188912995.js:71:20)\n' +
    '    at Object.nodeDevHook [as .ts] (/usr/src/app/node_modules/ts-node-dev/lib/hook.js:63:13)\n' +
    '    at Module.load (node:internal/modules/cjs/loader:1288:32)\n' +
    '    at Function.Module._load (node:internal/modules/cjs/loader:1104:12)',
  stack: 'ReferenceError: setupSwagger is not defined\n' +
    '    at Object.<anonymous> (/usr/src/app/src/server.ts:31:1)\n' +
    '    at Module._compile (node:internal/modules/cjs/loader:1469:14)\n' +
    '    at Module._compile (/usr/src/app/node_modules/source-map-support/source-map-support.js:568:25)\n' +
    '    at Module.m._compile (/tmp/ts-node-dev-hook-7554049188912995.js:69:33)\n' +
    '    at Module._extensions..js (node:internal/modules/cjs/loader:1548:10)\n' +
    '    at require.extensions..jsx.require.extensions..js (/tmp/ts-node-dev-hook-7554049188912995.js:114:20)\n' +
    '    at require.extensions.<computed> (/tmp/ts-node-dev-hook-7554049188912995.js:71:20)\n' +
    '    at Object.nodeDevHook [as .ts] (/usr/src/app/node_modules/ts-node-dev/lib/hook.js:63:13)\n' +
    '    at Module.load (node:internal/modules/cjs/loader:1288:32)\n' +
    '    at Function.Module._load (node:internal/modules/cjs/loader:1104:12)',
  exception: true,
  date: 'Sun Oct 20 2024 03:40:57 GMT+0000 (Coordinated Universal Time)',
  process: {
    pid: 1383,
    uid: 0,
    gid: 0,
    cwd: '/usr/src/app',
    execPath: '/usr/local/bin/node',
    version: 'v20.18.0',
    argv: [ '/usr/local/bin/node', './src/app.ts' ],
    memoryUsage: {
      rss: 66068480,
      heapTotal: 19030016,
      heapUsed: 12611592,
      external: 2148015,
      arrayBuffers: 25031
    }
  },
  os: { loadavg: [ 1.84, 1.87, 2.09 ], uptime: 15317.89 },
  trace: [
    {
      column: 1,
      file: '/usr/src/app/src/server.ts',
      function: null,
      line: 31,
      method: null,
      native: false
    },
    {
      column: 14,
      file: 'node:internal/modules/cjs/loader',
      function: 'Module._compile',
      line: 1469,
      method: '_compile',
      native: false
    },
    {
      column: 25,
      file: '/usr/src/app/node_modules/source-map-support/source-map-support.js',
      function: 'Module._compile',
      line: 568,
      method: '_compile',
      native: false
    },
    {
      column: 33,
      file: '/tmp/ts-node-dev-hook-7554049188912995.js',
      function: 'Module.m._compile',
      line: 69,
      method: '_compile',
      native: false
    },
    {
      column: 10,
      file: 'node:internal/modules/cjs/loader',
      function: 'Module._extensions..js',
      line: 1548,
      method: '.js',
      native: false
    },
    {
      column: 20,
      file: '/tmp/ts-node-dev-hook-7554049188912995.js',
      function: 'require.extensions..jsx.require.extensions..js',
      line: 114,
      method: '.js',
      native: false
    },
    {
      column: 20,
      file: '/tmp/ts-node-dev-hook-7554049188912995.js',
      function: 'require.extensions.<computed>',
      line: 71,
      method: '<computed>',
      native: false
    },
    {
      column: 13,
      file: '/usr/src/app/node_modules/ts-node-dev/lib/hook.js',
      function: 'Object.nodeDevHook [as .ts]',
      line: 63,
      method: 'ts]',
      native: false
    },
    {
      column: 32,
      file: 'node:internal/modules/cjs/loader',
      function: 'Module.load',
      line: 1288,
      method: 'load',
      native: false
    },
    {
      column: 12,
      file: 'node:internal/modules/cjs/loader',
      function: 'Module._load',
      line: 1104,
      method: '_load',
      native: false
    }
  ],
  service: 'user-service',
  timestamp: '2024-10-20 03:40:57'
}
